CRITICAL - 2023-06-16 16:03:42 --> Call to undefined method App\Controllers\Backend::template()
in APPPATH\Controllers\Backend.php on line 26.
 1 SYSTEMPATH\CodeIgniter.php(934): App\Controllers\Backend->index()
 2 SYSTEMPATH\CodeIgniter.php(499): CodeIgniter\CodeIgniter->runController(Object(App\Controllers\Backend))
 3 SYSTEMPATH\CodeIgniter.php(368): CodeIgniter\CodeIgniter->handleRequest(null, Object(Config\Cache), false)
 4 FCPATH\index.php(67): CodeIgniter\CodeIgniter->run()
 5 SYSTEMPATH\Commands\Server\rewrite.php(47): require_once('D:\\WandaMaulidina\\mom\\public\\index.php')
CRITICAL - 2023-06-16 16:06:34 --> Undefined variable: module
in APPPATH\Controllers\Backend.php on line 29.
 1 APPPATH\Controllers\Backend.php(29): CodeIgniter\Debug\Exceptions->errorHandler(8, 'Undefined variable: module', 'D:\\WandaMaulidina\\mom\\app\\Controllers\\Backend.php', 29, [...])
 2 SYSTEMPATH\CodeIgniter.php(934): App\Controllers\Backend->index()
 3 SYSTEMPATH\CodeIgniter.php(499): CodeIgniter\CodeIgniter->runController(Object(App\Controllers\Backend))
 4 SYSTEMPATH\CodeIgniter.php(368): CodeIgniter\CodeIgniter->handleRequest(null, Object(Config\Cache), false)
 5 FCPATH\index.php(67): CodeIgniter\CodeIgniter->run()
 6 SYSTEMPATH\Commands\Server\rewrite.php(47): require_once('D:\\WandaMaulidina\\mom\\public\\index.php')
CRITICAL - 2023-06-16 16:11:29 --> include(module/dashboard/index): failed to open stream: No such file or directory
in APPPATH\Views\backend\index.php on line 382.
 1 APPPATH\Views\backend\index.php(382): CodeIgniter\Debug\Exceptions->errorHandler(2, 'include(module/dashboard/index): failed to open stream: No such file or directory', 'D:\\WandaMaulidina\\mom\\app\\Views\\backend\\index.php', 382, [...])
 2 APPPATH\Views\backend\index.php(382): include()
 3 SYSTEMPATH\View\View.php(213): include('D:\\WandaMaulidina\\mom\\app\\Views\\backend\\index.php')
 4 SYSTEMPATH\View\View.php(216): CodeIgniter\View\View->CodeIgniter\View\{closure}()
 5 SYSTEMPATH\Common.php(1184): CodeIgniter\View\View->render('backend/index', [], true)
 6 APPPATH\Controllers\Backend.php(12): view('backend/index', [...])
 7 APPPATH\Controllers\Backend.php(21): App\Controllers\Backend->template([...])
 8 SYSTEMPATH\CodeIgniter.php(934): App\Controllers\Backend->index()
 9 SYSTEMPATH\CodeIgniter.php(499): CodeIgniter\CodeIgniter->runController(Object(App\Controllers\Backend))
10 SYSTEMPATH\CodeIgniter.php(368): CodeIgniter\CodeIgniter->handleRequest(null, Object(Config\Cache), false)
11 FCPATH\index.php(67): CodeIgniter\CodeIgniter->run()
12 SYSTEMPATH\Commands\Server\rewrite.php(47): require_once('D:\\WandaMaulidina\\mom\\public\\index.php')
CRITICAL - 2023-06-16 16:11:53 --> include(module/dashboard/index): failed to open stream: No such file or directory
in APPPATH\Views\backend\index.php on line 382.
 1 APPPATH\Views\backend\index.php(382): CodeIgniter\Debug\Exceptions->errorHandler(2, 'include(module/dashboard/index): failed to open stream: No such file or directory', 'D:\\WandaMaulidina\\mom\\app\\Views\\backend\\index.php', 382, [...])
 2 APPPATH\Views\backend\index.php(382): include()
 3 SYSTEMPATH\View\View.php(213): include('D:\\WandaMaulidina\\mom\\app\\Views\\backend\\index.php')
 4 SYSTEMPATH\View\View.php(216): CodeIgniter\View\View->CodeIgniter\View\{closure}()
 5 SYSTEMPATH\Common.php(1184): CodeIgniter\View\View->render('backend/index', [], true)
 6 APPPATH\Controllers\Backend.php(12): view('backend/index', [...])
 7 APPPATH\Controllers\Backend.php(21): App\Controllers\Backend->template([...])
 8 SYSTEMPATH\CodeIgniter.php(934): App\Controllers\Backend->index()
 9 SYSTEMPATH\CodeIgniter.php(499): CodeIgniter\CodeIgniter->runController(Object(App\Controllers\Backend))
10 SYSTEMPATH\CodeIgniter.php(368): CodeIgniter\CodeIgniter->handleRequest(null, Object(Config\Cache), false)
11 FCPATH\index.php(67): CodeIgniter\CodeIgniter->run()
12 SYSTEMPATH\Commands\Server\rewrite.php(47): require_once('D:\\WandaMaulidina\\mom\\public\\index.php')
CRITICAL - 2023-06-16 16:12:31 --> include(backend/module/dashboard/index): failed to open stream: No such file or directory
in APPPATH\Views\backend\index.php on line 382.
 1 APPPATH\Views\backend\index.php(382): CodeIgniter\Debug\Exceptions->errorHandler(2, 'include(backend/module/dashboard/index): failed to open stream: No such file or directory', 'D:\\WandaMaulidina\\mom\\app\\Views\\backend\\index.php', 382, [...])
 2 APPPATH\Views\backend\index.php(382): include()
 3 SYSTEMPATH\View\View.php(213): include('D:\\WandaMaulidina\\mom\\app\\Views\\backend\\index.php')
 4 SYSTEMPATH\View\View.php(216): CodeIgniter\View\View->CodeIgniter\View\{closure}()
 5 SYSTEMPATH\Common.php(1184): CodeIgniter\View\View->render('backend/index', [], true)
 6 APPPATH\Controllers\Backend.php(12): view('backend/index', [...])
 7 APPPATH\Controllers\Backend.php(21): App\Controllers\Backend->template([...])
 8 SYSTEMPATH\CodeIgniter.php(934): App\Controllers\Backend->index()
 9 SYSTEMPATH\CodeIgniter.php(499): CodeIgniter\CodeIgniter->runController(Object(App\Controllers\Backend))
10 SYSTEMPATH\CodeIgniter.php(368): CodeIgniter\CodeIgniter->handleRequest(null, Object(Config\Cache), false)
11 FCPATH\index.php(67): CodeIgniter\CodeIgniter->run()
12 SYSTEMPATH\Commands\Server\rewrite.php(47): require_once('D:\\WandaMaulidina\\mom\\public\\index.php')
CRITICAL - 2023-06-16 16:15:05 --> include(module/dashboard/index): failed to open stream: No such file or directory
in APPPATH\Views\backend\index.php on line 382.
 1 APPPATH\Views\backend\index.php(382): CodeIgniter\Debug\Exceptions->errorHandler(2, 'include(module/dashboard/index): failed to open stream: No such file or directory', 'D:\\WandaMaulidina\\mom\\app\\Views\\backend\\index.php', 382, [...])
 2 APPPATH\Views\backend\index.php(382): include()
 3 SYSTEMPATH\View\View.php(213): include('D:\\WandaMaulidina\\mom\\app\\Views\\backend\\index.php')
 4 SYSTEMPATH\View\View.php(216): CodeIgniter\View\View->CodeIgniter\View\{closure}()
 5 SYSTEMPATH\Common.php(1184): CodeIgniter\View\View->render('backend/index', [], true)
 6 APPPATH\Controllers\Backend.php(12): view('backend/index', [...])
 7 APPPATH\Controllers\Backend.php(21): App\Controllers\Backend->template([...])
 8 SYSTEMPATH\CodeIgniter.php(934): App\Controllers\Backend->index()
 9 SYSTEMPATH\CodeIgniter.php(499): CodeIgniter\CodeIgniter->runController(Object(App\Controllers\Backend))
10 SYSTEMPATH\CodeIgniter.php(368): CodeIgniter\CodeIgniter->handleRequest(null, Object(Config\Cache), false)
11 FCPATH\index.php(67): CodeIgniter\CodeIgniter->run()
12 SYSTEMPATH\Commands\Server\rewrite.php(47): require_once('D:\\WandaMaulidina\\mom\\public\\index.php')
CRITICAL - 2023-06-16 16:17:23 --> Too few arguments to function App\Controllers\Backend::template(), 0 passed in D:\WandaMaulidina\mom\app\Controllers\Backend.php on line 21 and exactly 1 expected
in APPPATH\Controllers\Backend.php on line 7.
 1 APPPATH\Controllers\Backend.php(21): App\Controllers\Backend->template()
 2 SYSTEMPATH\CodeIgniter.php(934): App\Controllers\Backend->index()
 3 SYSTEMPATH\CodeIgniter.php(499): CodeIgniter\CodeIgniter->runController(Object(App\Controllers\Backend))
 4 SYSTEMPATH\CodeIgniter.php(368): CodeIgniter\CodeIgniter->handleRequest(null, Object(Config\Cache), false)
 5 FCPATH\index.php(67): CodeIgniter\CodeIgniter->run()
 6 SYSTEMPATH\Commands\Server\rewrite.php(47): require_once('D:\\WandaMaulidina\\mom\\public\\index.php')
CRITICAL - 2023-06-16 16:19:01 --> include(module/dashboard/index): failed to open stream: No such file or directory
in APPPATH\Views\backend\index.php on line 383.
 1 APPPATH\Views\backend\index.php(383): CodeIgniter\Debug\Exceptions->errorHandler(2, 'include(module/dashboard/index): failed to open stream: No such file or directory', 'D:\\WandaMaulidina\\mom\\app\\Views\\backend\\index.php', 383, [...])
 2 APPPATH\Views\backend\index.php(383): include()
 3 SYSTEMPATH\View\View.php(213): include('D:\\WandaMaulidina\\mom\\app\\Views\\backend\\index.php')
 4 SYSTEMPATH\View\View.php(216): CodeIgniter\View\View->CodeIgniter\View\{closure}()
 5 SYSTEMPATH\Common.php(1184): CodeIgniter\View\View->render('backend/index', [], true)
 6 APPPATH\Controllers\Backend.php(12): view('backend/index', [...])
 7 APPPATH\Controllers\Backend.php(21): App\Controllers\Backend->template([...])
 8 SYSTEMPATH\CodeIgniter.php(934): App\Controllers\Backend->index()
 9 SYSTEMPATH\CodeIgniter.php(499): CodeIgniter\CodeIgniter->runController(Object(App\Controllers\Backend))
10 SYSTEMPATH\CodeIgniter.php(368): CodeIgniter\CodeIgniter->handleRequest(null, Object(Config\Cache), false)
11 FCPATH\index.php(67): CodeIgniter\CodeIgniter->run()
12 SYSTEMPATH\Commands\Server\rewrite.php(47): require_once('D:\\WandaMaulidina\\mom\\public\\index.php')
